impl/network/build/outputs/mapping/release/seeds.txt
com.pmorozova.movies.R
com.pmorozova.movies.R: R()